<?xml version="1.0" encoding="UTF-8"?>
<!-- Generated by org.testng.reporters.JUnitReportReporter -->
<testsuite hostname="DESKTOP-38SJ5O4" failures="0" tests="1" name="dwsPom.DWSRegister" time="32.641" errors="0" timestamp="2024-07-17T22:19:27 IST" skipped="0">
  <testcase classname="dwsPom.DWSRegister" name="register" time="32.641"/>
</testsuite> <!-- dwsPom.DWSRegister -->
