<?xml version="1.0" encoding="UTF-8"?>
<!-- Generated by org.testng.reporters.JUnitReportReporter -->
<testsuite hostname="DESKTOP-38SJ5O4" failures="0" tests="1" name="testng2.ShoesBrand4" time="5.855" errors="0" timestamp="2024-07-20T10:42:08 IST" skipped="0">
  <testcase classname="testng2.ShoesBrand4" name="Adidas" time="5.855">
    <system-out>
      <![CDATA[onTestStart Adidas
onTestSuccess]]>
    </system-out>
  </testcase> <!-- Adidas -->
  <system-out>
    <![CDATA[onStart
onTestStart yamaha
onTestSuccess
onTestStart Puma
onTestSuccess
onTestStart yamaha
onTestSuccess
onTestStart Reebok
onTestSuccess
onTestStart Nike
onTestSuccess
onTestStart yamaha
onTestSuccess
onTestStart yamaha
onTestSuccess
onTestStart yamaha
onTestSuccess
onTestStart Adidas
onTestSuccess
onTestStart Bata
onTestSuccess]]>
  </system-out>
</testsuite> <!-- testng2.ShoesBrand4 -->
