<?xml version="1.0" encoding="UTF-8"?>
<!-- Generated by org.testng.reporters.JUnitReportReporter -->
<testsuite hostname="DESKTOP-38SJ5O4" failures="0" tests="2" name="report.CreateDependency" time="1.033" errors="1" timestamp="2024-07-29T12:22:25 IST" skipped="1">
  <testcase classname="report.CreateDependency" name="deleteAccoutn" time="0.000">
    <skipped/>
  </testcase> <!-- deleteAccoutn -->
  <testcase classname="report.CreateDependency" name="createAccount" time="1.033">
    <error message="Method report.CreateDependency.createAccount() didn&#039;t finish within the time-out 1000" type="org.testng.internal.thread.ThreadTimeoutException">
      <![CDATA[org.testng.internal.thread.ThreadTimeoutException: Method report.CreateDependency.createAccount() didn't finish within the time-out 1000
at java.base@11.0.21/jdk.internal.misc.Unsafe.park(Native Method)
at java.base@11.0.21/java.util.concurrent.locks.LockSupport.parkNanos(LockSupport.java:234)
at java.base@11.0.21/java.util.concurrent.CompletableFuture$Signaller.block(CompletableFuture.java:1798)
at java.base@11.0.21/java.util.concurrent.ForkJoinPool.managedBlock(ForkJoinPool.java:3128)
at java.base@11.0.21/java.util.concurrent.CompletableFuture.timedGet(CompletableFuture.java:1870)
at java.base@11.0.21/java.util.concurrent.CompletableFuture.get(CompletableFuture.java:2023)
at app//org.openqa.selenium.remote.http.jdk.JdkHttpClient.execute0(JdkHttpClient.java:385)
at app//org.openqa.selenium.remote.http.jdk.JdkHttpClient$$Lambda$256/0x000000010022d440.execute(Unknown Source)
at app//org.openqa.selenium.remote.http.AddSeleniumUserAgent.lambda$apply$0(AddSeleniumUserAgent.java:42)
at app//org.openqa.selenium.remote.http.AddSeleniumUserAgent$$Lambda$406/0x00000001002ffc40.execute(Unknown Source)
at app//org.openqa.selenium.remote.http.Filter.lambda$andFinally$1(Filter.java:55)
at app//org.openqa.selenium.remote.http.Filter$$Lambda$257/0x000000010022f840.execute(Unknown Source)
at app//org.openqa.selenium.remote.http.jdk.JdkHttpClient.execute(JdkHttpClient.java:358)
at app//org.openqa.selenium.remote.ProtocolHandshake.createSession(ProtocolHandshake.java:115)
at app//org.openqa.selenium.remote.ProtocolHandshake.createSession(ProtocolHandshake.java:96)
at app//org.openqa.selenium.remote.ProtocolHandshake.createSession(ProtocolHandshake.java:68)
at app//org.openqa.selenium.remote.HttpCommandExecutor.execute(HttpCommandExecutor.java:163)
at app//org.openqa.selenium.remote.service.DriverCommandExecutor.invokeExecute(DriverCommandExecutor.java:200)
at app//org.openqa.selenium.remote.service.DriverCommandExecutor.execute(DriverCommandExecutor.java:175)
at app//org.openqa.selenium.remote.RemoteWebDriver.execute(RemoteWebDriver.java:523)
at app//org.openqa.selenium.remote.RemoteWebDriver.startSession(RemoteWebDriver.java:237)
at app//org.openqa.selenium.remote.RemoteWebDriver.<init>(RemoteWebDriver.java:164)
at app//org.openqa.selenium.chromium.ChromiumDriver.<init>(ChromiumDriver.java:114)
at app//org.openqa.selenium.chrome.ChromeDriver.<init>(ChromeDriver.java:89)
at app//org.openqa.selenium.chrome.ChromeDriver.<init>(ChromeDriver.java:84)
at app//org.openqa.selenium.chrome.ChromeDriver.<init>(ChromeDriver.java:52)
at app//report.CreateDependency.createAccount(CreateDependency.java:16)
at java.base@11.0.21/jdk.internal.reflect.NativeMethodAccessorImpl.invoke0(Native Method)
at java.base@11.0.21/jdk.internal.reflect.NativeMethodAccessorImpl.invoke(NativeMethodAccessorImpl.java:62)
at java.base@11.0.21/jdk.internal.reflect.DelegatingMethodAccessorImpl.invoke(DelegatingMethodAccessorImpl.java:43)
at java.base@11.0.21/java.lang.reflect.Method.invoke(Method.java:566)
at app//org.testng.internal.invokers.MethodInvocationHelper.invokeMethod(MethodInvocationHelper.java:139)
at app//org.testng.internal.invokers.InvokeMethodRunnable.runOne(InvokeMethodRunnable.java:47)
at app//org.testng.internal.invokers.InvokeMethodRunnable.call(InvokeMethodRunnable.java:76)
at app//org.testng.internal.invokers.InvokeMethodRunnable.call(InvokeMethodRunnable.java:11)
at java.base@11.0.21/java.util.concurrent.FutureTask.run(FutureTask.java:264)
at java.base@11.0.21/java.util.concurrent.ThreadPoolExecutor.runWorker(ThreadPoolExecutor.java:1128)
at java.base@11.0.21/java.util.concurrent.ThreadPoolExecutor$Worker.run(ThreadPoolExecutor.java:628)
at java.base@11.0.21/java.lang.Thread.run(Thread.java:834)
]]>
    </error>
  </testcase> <!-- createAccount -->
</testsuite> <!-- report.CreateDependency -->
