<?xml version="1.0" encoding="UTF-8"?>
<!-- Generated by org.testng.reporters.JUnitReportReporter -->
<testsuite hostname="DESKTOP-38SJ5O4" failures="0" tests="2" name="dataprovider.DataProviders" time="36.607" errors="0" timestamp="2024-07-16T10:44:09 IST" skipped="0">
  <testcase classname="dataprovider.DataProviders" name="receiver" time="17.165"/>
  <testcase classname="dataprovider.DataProviders" name="receiver" time="19.442"/>
</testsuite> <!-- dataprovider.DataProviders -->
