<?xml version="1.0" encoding="UTF-8"?>
<!-- Generated by org.testng.reporters.JUnitReportReporter -->
<testsuite hostname="DESKTOP-38SJ5O4" failures="0" tests="1" name="report.SampleReport" time="1.028" errors="0" timestamp="2024-07-29T11:07:45 IST" skipped="0">
  <testcase classname="report.SampleReport" name="BasicReport" time="1.028"/>
</testsuite> <!-- report.SampleReport -->
