<?xml version="1.0" encoding="UTF-8"?>
<!-- Generated by org.testng.reporters.JUnitReportReporter -->
<testsuite hostname="DESKTOP-38SJ5O4" failures="0" tests="1" name="dwsPom.DWSHomepage" time="43.187" errors="0" timestamp="2024-07-17T21:13:27 IST" skipped="0">
  <testcase classname="dwsPom.DWSHomepage" name="Homepage" time="43.187"/>
</testsuite> <!-- dwsPom.DWSHomepage -->
