<?xml version="1.0" encoding="UTF-8"?>
<!-- Generated by org.testng.reporters.JUnitReportReporter -->
<testsuite hostname="DESKTOP-38SJ5O4" failures="0" tests="1" name="dwsPom.DWSDigiDownloads" time="25.274" errors="0" timestamp="2024-07-17T21:50:25 IST" skipped="0">
  <testcase classname="dwsPom.DWSDigiDownloads" name="Downloads" time="25.274"/>
</testsuite> <!-- dwsPom.DWSDigiDownloads -->
