<?xml version="1.0" encoding="UTF-8"?>
<!-- Generated by org.testng.reporters.JUnitReportReporter -->
<testsuite hostname="DESKTOP-38SJ5O4" failures="0" tests="1" name="configurationAnnotation.DWS_Annotation" time="6.075" errors="0" timestamp="2024-07-13T11:08:41 IST" skipped="0">
  <testcase classname="configurationAnnotation.DWS_Annotation" name="DWSFooter" time="6.075"/>
</testsuite> <!-- configurationAnnotation.DWS_Annotation -->
