<?xml version="1.0" encoding="UTF-8"?>
<!-- Generated by org.testng.reporters.JUnitReportReporter -->
<testsuite hostname="DESKTOP-38SJ5O4" failures="0" tests="2" name="configurationAnnotation.ChronologicalAnnotation" time="0.032" errors="0" timestamp="2024-07-12T10:47:08 IST" skipped="0">
  <testcase classname="configurationAnnotation.ChronologicalAnnotation" name="test" time="0.028"/>
  <testcase classname="configurationAnnotation.ChronologicalAnnotation" name="test1" time="0.004"/>
</testsuite> <!-- configurationAnnotation.ChronologicalAnnotation -->
