<?xml version="1.0" encoding="UTF-8"?>
<!-- Generated by org.testng.reporters.JUnitReportReporter -->
<testsuite hostname="DESKTOP-38SJ5O4" failures="0" tests="1" name="report.DWSListnerTask" time="17.033" errors="0" timestamp="2024-07-30T01:25:11 IST" skipped="0">
  <testcase classname="report.DWSListnerTask" name="AllLinks" time="17.033">
    <system-out>
      <![CDATA[onTestStartAllLinks]]>
    </system-out>
  </testcase> <!-- AllLinks -->
  <system-out>
    <![CDATA[onTestStartAllLinks]]>
  </system-out>
</testsuite> <!-- report.DWSListnerTask -->
