<?xml version="1.0" encoding="UTF-8"?>
<!-- Generated by org.testng.reporters.JUnitReportReporter -->
<testsuite hostname="DESKTOP-38SJ5O4" failures="0" tests="1" name="dwsTask.Task2" time="10.657" errors="0" timestamp="2024-07-20T11:46:20 IST" skipped="0">
  <testcase classname="dwsTask.Task2" name="DwsLogin" time="10.657"/>
</testsuite> <!-- dwsTask.Task2 -->
