<?xml version="1.0" encoding="UTF-8"?>
<!-- Generated by org.testng.reporters.JUnitReportReporter -->
<testsuite hostname="DESKTOP-38SJ5O4" failures="0" tests="1" name="dwsPom.DWSLogin" time="8.096" errors="0" timestamp="2024-07-17T12:15:31 IST" skipped="0">
  <testcase classname="dwsPom.DWSLogin" name="Login" time="8.096"/>
</testsuite> <!-- dwsPom.DWSLogin -->
