<?xml version="1.0" encoding="UTF-8"?>
<!-- Generated by org.testng.reporters.JUnitReportReporter -->
<testsuite hostname="DESKTOP-38SJ5O4" failures="0" tests="3" name="testng.Mulitiple_Test" time="17.896" errors="0" timestamp="2024-07-08T11:57:29 IST" skipped="0">
  <testcase classname="testng.Mulitiple_Test" name="agoda" time="5.147"/>
  <testcase classname="testng.Mulitiple_Test" name="Rcb" time="7.390"/>
  <testcase classname="testng.Mulitiple_Test" name="csk" time="5.359"/>
</testsuite> <!-- testng.Mulitiple_Test -->
