<?xml version="1.0" encoding="UTF-8"?>
<!-- Generated by org.testng.reporters.JUnitReportReporter -->
<testsuite hostname="DESKTOP-38SJ5O4" failures="0" tests="1" name="testng.Testng_Demo" time="0.014" errors="0" timestamp="2024-07-08T11:39:25 IST" skipped="0">
  <testcase classname="testng.Testng_Demo" name="demo" time="0.014"/>
</testsuite> <!-- testng.Testng_Demo -->
