<?xml version="1.0" encoding="UTF-8"?>
<!-- Generated by org.testng.reporters.JUnitReportReporter -->
<testsuite hostname="DESKTOP-38SJ5O4" failures="0" tests="1" name="configurationAnnotation.DWS_Task1" time="5.209" errors="0" timestamp="2024-07-13T11:52:29 IST" skipped="0">
  <testcase classname="configurationAnnotation.DWS_Task1" name="DWSFacebook" time="5.209"/>
</testsuite> <!-- configurationAnnotation.DWS_Task1 -->
